GROUP,PACKAGE,CLASS,INSTRUCTION_MISSED,INSTRUCTION_COVERED,BRANCH_MISSED,BRANCH_COVERED,LINE_MISSED,LINE_COVERED,COMPLEXITY_MISSED,COMPLEXITY_COVERED,METHOD_MISSED,METHOD_COVERED
academico,br.edu.ifgoias.academico.config,Config,0,55,0,0,0,12,0,3,0,3
academico,br.edu.ifgoias.academico.services,AlunoService,0,66,0,0,0,12,0,9,0,9
academico,br.edu.ifgoias.academico.services,CursoService,0,62,0,0,0,12,0,9,0,9
academico,br.edu.ifgoias.academico.resources,CursoResource,41,3,0,0,10,1,5,1,5,1
academico,br.edu.ifgoias.academico.resources,AlunoResource,41,3,0,0,10,1,5,1,5,1
academico,br.edu.ifgoias.academico.entities,Curso,34,32,2,0,11,11,6,5,5,5
academico,br.edu.ifgoias.academico.entities,Aluno,15,117,5,9,7,27,8,14,3,12
academico,br.edu.ifgoias.academico,AcademicoApplication,5,3,0,0,2,1,1,1,1,1
